# JRE version: OpenJDK Runtime Environment Microsoft-8035246 (17.0.8+7) (build 17.0.8+7-LTS)
# Java VM: OpenJDK 64-Bit Server VM Microsoft-8035246 (17.0.8+7-LTS, mixed mode, sharing, tiered, compressed oops, compressed class ptrs, g1 gc, windows-amd64)
GC Precious Log:
 CPUs: 8 total, 8 available
 Memory: 12162M
 Large Page Support: Disabled
 NUMA Support: Disabled
 Compressed Oops: Enabled (32-bit)
 Heap Region Size: 1M
 Heap Min Capacity: 8M
 Heap Initial Capacity: 192M
 Heap Max Capacity: 2G
 Pre-touch: Disabled
 Parallel Workers: 8
 Concurrent Workers: 2
 Concurrent Refinement Workers: 8
 Periodic GC: Disabled
Heap:
 garbage-first heap   total 359424K, used 251127K [0x0000000080000000, 0x0000000100000000)
  region size 1024K, 70 young (71680K), 9 survivors (9216K)
 Metaspace       used 100429K, committed 101568K, reserved 557056K
  class space    used 14063K, committed 14592K, reserved 425984K
GC Heap History (20 events):
Event: 30.115 GC heap before
{Heap before GC invocations=42 (full 0):
 garbage-first heap   total 162816K, used 93588K [0x0000000080000000, 0x0000000100000000)
  region size 1024K, 7 young (7168K), 4 survivors (4096K)
 Metaspace       used 72681K, committed 73408K, reserved 491520K
  class space    used 10158K, committed 10496K, reserved 425984K
}
Event: 30.117 GC heap after
{Heap after GC invocations=43 (full 0):
 garbage-first heap   total 162816K, used 89779K [0x0000000080000000, 0x0000000100000000)
  region size 1024K, 1 young (1024K), 1 survivors (1024K)
 Metaspace       used 72681K, committed 73408K, reserved 491520K
  class space    used 10158K, committed 10496K, reserved 425984K
}
Event: 30.448 GC heap before
{Heap before GC invocations=43 (full 0):
 garbage-first heap   total 162816K, used 125619K [0x0000000080000000, 0x0000000100000000)
  region size 1024K, 36 young (36864K), 1 survivors (1024K)
 Metaspace       used 75354K, committed 76096K, reserved 491520K
  class space    used 10517K, committed 10880K, reserved 425984K
}
Event: 30.450 GC heap after
{Heap after GC invocations=44 (full 0):
 garbage-first heap   total 162816K, used 90900K [0x0000000080000000, 0x0000000100000000)
  region size 1024K, 2 young (2048K), 2 survivors (2048K)
 Metaspace       used 75354K, committed 76096K, reserved 491520K
  class space    used 10517K, committed 10880K, reserved 425984K
}
Event: 31.159 GC heap before
{Heap before GC invocations=45 (full 0):
 garbage-first heap   total 162816K, used 124692K [0x0000000080000000, 0x0000000100000000)
  region size 1024K, 39 young (39936K), 2 survivors (2048K)
 Metaspace       used 76690K, committed 77504K, reserved 557056K
  class space    used 10704K, committed 11072K, reserved 425984K
}
Event: 31.167 GC heap after
{Heap after GC invocations=46 (full 0):
 garbage-first heap   total 162816K, used 89928K [0x0000000080000000, 0x0000000100000000)
  region size 1024K, 5 young (5120K), 5 survivors (5120K)
 Metaspace       used 76690K, committed 77504K, reserved 557056K
  class space    used 10704K, committed 11072K, reserved 425984K
}
Event: 31.190 GC heap before
{Heap before GC invocations=46 (full 0):
 garbage-first heap   total 162816K, used 91976K [0x0000000080000000, 0x0000000100000000)
  region size 1024K, 7 young (7168K), 5 survivors (5120K)
 Metaspace       used 76693K, committed 77504K, reserved 557056K
  class space    used 10704K, committed 11072K, reserved 425984K
}
Event: 31.197 GC heap after
{Heap after GC invocations=47 (full 0):
 garbage-first heap   total 162816K, used 89789K [0x0000000080000000, 0x0000000100000000)
  region size 1024K, 1 young (1024K), 1 survivors (1024K)
 Metaspace       used 76693K, committed 77504K, reserved 557056K
  class space    used 10704K, committed 11072K, reserved 425984K
}
Event: 40.364 GC heap before
{Heap before GC invocations=47 (full 0):
 garbage-first heap   total 162816K, used 129725K [0x0000000080000000, 0x0000000100000000)
  region size 1024K, 40 young (40960K), 1 survivors (1024K)
 Metaspace       used 78177K, committed 78912K, reserved 557056K
  class space    used 10903K, committed 11264K, reserved 425984K
}
Event: 40.368 GC heap after
{Heap after GC invocations=48 (full 0):
 garbage-first heap   total 359424K, used 92112K [0x0000000080000000, 0x0000000100000000)
  region size 1024K, 3 young (3072K), 3 survivors (3072K)
 Metaspace       used 78177K, committed 78912K, reserved 557056K
  class space    used 10903K, committed 11264K, reserved 425984K
}
Event: 43.120 GC heap before
{Heap before GC invocations=48 (full 0):
 garbage-first heap   total 359424K, used 267216K [0x0000000080000000, 0x0000000100000000)
  region size 1024K, 174 young (178176K), 3 survivors (3072K)
 Metaspace       used 87350K, committed 88256K, reserved 557056K
  class space    used 12380K, committed 12800K, reserved 425984K
}
Event: 43.131 GC heap after
{Heap after GC invocations=49 (full 0):
 garbage-first heap   total 359424K, used 104549K [0x0000000080000000, 0x0000000100000000)
  region size 1024K, 15 young (15360K), 15 survivors (15360K)
 Metaspace       used 87350K, committed 88256K, reserved 557056K
  class space    used 12380K, committed 12800K, reserved 425984K
}
Event: 47.315 GC heap before
{Heap before GC invocations=49 (full 0):
 garbage-first heap   total 359424K, used 287845K [0x0000000080000000, 0x0000000100000000)
  region size 1024K, 184 young (188416K), 15 survivors (15360K)
 Metaspace       used 90901K, committed 91904K, reserved 557056K
  class space    used 12779K, committed 13248K, reserved 425984K
}
Event: 47.335 GC heap after
{Heap after GC invocations=50 (full 0):
 garbage-first heap   total 359424K, used 145679K [0x0000000080000000, 0x0000000100000000)
  region size 1024K, 23 young (23552K), 23 survivors (23552K)
 Metaspace       used 90901K, committed 91904K, reserved 557056K
  class space    used 12779K, committed 13248K, reserved 425984K
}
Event: 48.768 GC heap before
{Heap before GC invocations=50 (full 0):
 garbage-first heap   total 359424K, used 272655K [0x0000000080000000, 0x0000000100000000)
  region size 1024K, 147 young (150528K), 23 survivors (23552K)
 Metaspace       used 97562K, committed 98688K, reserved 557056K
  class space    used 13692K, committed 14208K, reserved 425984K
}
Event: 48.783 GC heap after
{Heap after GC invocations=51 (full 0):
 garbage-first heap   total 359424K, used 159949K [0x0000000080000000, 0x0000000100000000)
  region size 1024K, 13 young (13312K), 13 survivors (13312K)
 Metaspace       used 97562K, committed 98688K, reserved 557056K
  class space    used 13692K, committed 14208K, reserved 425984K
}
Event: 50.209 GC heap before
{Heap before GC invocations=51 (full 0):
 garbage-first heap   total 359424K, used 277709K [0x0000000080000000, 0x0000000100000000)
  region size 1024K, 129 young (132096K), 13 survivors (13312K)
 Metaspace       used 99579K, committed 100672K, reserved 557056K
  class space    used 13980K, committed 14528K, reserved 425984K
}
Event: 50.242 GC heap after
{Heap after GC invocations=52 (full 0):
 garbage-first heap   total 359424K, used 173667K [0x0000000080000000, 0x0000000100000000)
  region size 1024K, 13 young (13312K), 13 survivors (13312K)
 Metaspace       used 99579K, committed 100672K, reserved 557056K
  class space    used 13980K, committed 14528K, reserved 425984K
}
Event: 52.015 GC heap before
{Heap before GC invocations=52 (full 0):
 garbage-first heap   total 359424K, used 283235K [0x0000000080000000, 0x0000000100000000)
  region size 1024K, 121 young (123904K), 13 survivors (13312K)
 Metaspace       used 100264K, committed 101440K, reserved 557056K
  class space    used 14050K, committed 14592K, reserved 425984K
}
Event: 52.040 GC heap after
{Heap after GC invocations=53 (full 0):
 garbage-first heap   total 359424K, used 182519K [0x0000000080000000, 0x0000000100000000)
  region size 1024K, 9 young (9216K), 9 survivors (9216K)
 Metaspace       used 100264K, committed 101440K, reserved 557056K
  class space    used 14050K, committed 14592K, reserved 425984K
}

